\BOOKMARK [1][-]{section*.1}{\376\377\000I\000n\000t\000r\000o\000d\000u\000c\000t\000i\000o\000n}{}% 1
\BOOKMARK [2][-]{section*.2}{\376\377\000M\000o\000t\000i\000v\000a\000t\000i\000o\000n\000\040\000f\000o\000r\000\040\000t\000h\000e\000\040\000A\000n\000a\000l\000y\000s\000i\000s}{section*.1}% 2
\BOOKMARK [2][-]{section*.3}{\376\377\000T\000e\000r\000m\000i\000n\000o\000l\000o\000g\000y}{section*.1}% 3
\BOOKMARK [2][-]{section*.4}{\376\377\000H\000y\000p\000o\000t\000h\000e\000s\000i\000s}{section*.1}% 4
\BOOKMARK [1][-]{section*.5}{\376\377\000D\000a\000t\000a}{}% 5
\BOOKMARK [2][-]{section*.6}{\376\377\000C\000o\000l\000l\000e\000c\000t\000i\000o\000n\000\040\000P\000r\000o\000c\000e\000s\000s}{section*.5}% 6
\BOOKMARK [2][-]{section*.7}{\376\377\000C\000l\000e\000a\000n\000i\000n\000g\000\040\000P\000r\000o\000c\000e\000s\000s}{section*.5}% 7
\BOOKMARK [3][-]{section*.8}{\376\377\000C\000E\000S\000\040\000D\000a\000t\000a\000\040\000C\000l\000e\000a\000n\000i\000n\000g}{section*.7}% 8
\BOOKMARK [3][-]{section*.9}{\376\377\000G\000S\000S\000\040\000D\000a\000t\000a\000\040\000C\000l\000e\000a\000n\000i\000n\000g}{section*.7}% 9
\BOOKMARK [2][-]{section*.10}{\376\377\000D\000e\000f\000i\000n\000i\000t\000i\000o\000n\000\040\000o\000f\000\040\000v\000a\000r\000i\000a\000b\000l\000e\000s}{section*.5}% 10
\BOOKMARK [2][-]{section*.11}{\376\377\000N\000u\000m\000e\000r\000i\000c\000a\000l\000\040\000V\000a\000r\000i\000a\000b\000l\000e\000\040\000S\000u\000m\000m\000a\000r\000y}{section*.5}% 11
\BOOKMARK [2][-]{section*.12}{\376\377\000C\000a\000t\000e\000g\000o\000r\000i\000c\000a\000l\000\040\000V\000a\000r\000i\000a\000b\000l\000e\000s\000\040\000S\000u\000m\000m\000a\000r\000y}{section*.5}% 12
\BOOKMARK [1][-]{section*.13}{\376\377\000M\000e\000t\000h\000o\000d\000s}{}% 13
\BOOKMARK [2][-]{section*.14}{\376\377\000L\000o\000g\000i\000s\000t\000i\000c\000\040\000R\000e\000g\000r\000e\000s\000s\000i\000o\000n}{section*.13}% 14
\BOOKMARK [2][-]{section*.15}{\376\377\000P\000o\000s\000t\000-\000S\000t\000r\000a\000t\000i\000f\000i\000c\000a\000t\000i\000o\000n}{section*.13}% 15
\BOOKMARK [1][-]{section*.16}{\376\377\000R\000e\000s\000u\000l\000t\000s}{}% 16
\BOOKMARK [2][-]{section*.17}{\376\377\000L\000o\000g\000i\000s\000t\000i\000c\000\040\000R\000e\000g\000r\000e\000s\000s\000i\000o\000n\000\040\000M\000o\000d\000e\000l\000s}{section*.16}% 17
\BOOKMARK [2][-]{section*.18}{\376\377\000P\000o\000s\000t\000-\000S\000t\000r\000a\000t\000i\000f\000i\000c\000a\000t\000i\000o\000n\000\040\000R\000e\000s\000u\000l\000t\000s}{section*.16}% 18
\BOOKMARK [1][-]{section*.19}{\376\377\000C\000o\000n\000c\000l\000u\000s\000i\000o\000n\000s}{}% 19
\BOOKMARK [2][-]{section*.20}{\376\377\000W\000e\000a\000k\000n\000e\000s\000s\000e\000s}{section*.19}% 20
\BOOKMARK [2][-]{section*.21}{\376\377\000N\000e\000x\000t\000\040\000S\000t\000e\000p\000s\000\040\000a\000n\000d\000\040\000D\000i\000s\000c\000u\000s\000s\000i\000o\000n}{section*.19}% 21
\BOOKMARK [1][-]{section*.22}{\376\377\000B\000i\000b\000l\000i\000o\000g\000r\000a\000p\000h\000y}{}% 22
\BOOKMARK [2][-]{section*.23}{\376\377\000I\000n\000\040\000L\000i\000n\000e\000\040\000R\000e\000f\000e\000r\000e\000n\000c\000i\000n\000g}{section*.22}% 23
\BOOKMARK [2][-]{section*.24}{\376\377\000S\000o\000f\000t\000w\000a\000r\000e\000\040\000P\000a\000c\000k\000a\000g\000e\000s\000\040\000U\000s\000e\000d\000\040\000t\000o\000\040\000C\000o\000m\000p\000l\000e\000t\000e\000\040\000t\000h\000i\000s\000\040\000R\000e\000p\000o\000r\000t}{section*.22}% 24
